[0.970s] Invoking command in '/home/yolo/ros2-package/src/kart': PYTHONPATH=/home/yolo/ros2-package/build/kart/prefix_override:/usr/local/lib/python3.10/dist-packages/colcon_core/task/python/colcon_distutils_commands:/home/yolo/ros2-package/install/kart/lib/python3.10/site-packages:${PYTHONPATH} /usr/bin/python3 -W ignore:setup.py install is deprecated setup.py egg_info --egg-base ../../build/kart build --build-base /home/yolo/ros2-package/build/kart/build install --record /home/yolo/ros2-package/build/kart/install.log --single-version-externally-managed install_data
[1.179s] running egg_info
[1.179s] writing ../../build/kart/kart.egg-info/PKG-INFO
[1.184s] writing dependency_links to ../../build/kart/kart.egg-info/dependency_links.txt
[1.186s] writing entry points to ../../build/kart/kart.egg-info/entry_points.txt
[1.186s] writing requirements to ../../build/kart/kart.egg-info/requires.txt
[1.187s] writing top-level names to ../../build/kart/kart.egg-info/top_level.txt
[1.190s] reading manifest file '../../build/kart/kart.egg-info/SOURCES.txt'
[1.191s] writing manifest file '../../build/kart/kart.egg-info/SOURCES.txt'
[1.191s] running build
[1.191s] running build_py
[1.193s] running install
[1.194s] running install_lib
[1.196s] running install_data
[1.197s] running install_egg_info
[1.200s] removing '/home/yolo/ros2-package/install/kart/lib/python3.10/site-packages/kart-0.0.0-py3.10.egg-info' (and everything under it)
[1.201s] Copying ../../build/kart/kart.egg-info to /home/yolo/ros2-package/install/kart/lib/python3.10/site-packages/kart-0.0.0-py3.10.egg-info
[1.203s] running install_scripts
[1.227s] Installing camera_servo script to /home/yolo/ros2-package/install/kart/lib/kart
[1.233s] Installing main script to /home/yolo/ros2-package/install/kart/lib/kart
[1.233s] Installing pump_dc script to /home/yolo/ros2-package/install/kart/lib/kart
[1.236s] Installing steering_servo script to /home/yolo/ros2-package/install/kart/lib/kart
[1.239s] Installing watergun_servo script to /home/yolo/ros2-package/install/kart/lib/kart
[1.240s] Installing wheel_dc script to /home/yolo/ros2-package/install/kart/lib/kart
[1.241s] writing list of installed files to '/home/yolo/ros2-package/build/kart/install.log'
[1.296s] Invoked command in '/home/yolo/ros2-package/src/kart' returned '0': PYTHONPATH=/home/yolo/ros2-package/build/kart/prefix_override:/usr/local/lib/python3.10/dist-packages/colcon_core/task/python/colcon_distutils_commands:/home/yolo/ros2-package/install/kart/lib/python3.10/site-packages:${PYTHONPATH} /usr/bin/python3 -W ignore:setup.py install is deprecated setup.py egg_info --egg-base ../../build/kart build --build-base /home/yolo/ros2-package/build/kart/build install --record /home/yolo/ros2-package/build/kart/install.log --single-version-externally-managed install_data
