[1.245s] Invoking command in '/home/yolo/ros2-package/src/kart': PYTHONPATH=/home/yolo/ros2-package/build/kart/prefix_override:/usr/local/lib/python3.10/dist-packages/colcon_core/task/python/colcon_distutils_commands:/home/yolo/ros2-package/install/kart/lib/python3.10/site-packages:${PYTHONPATH} /usr/bin/python3 -W ignore:setup.py install is deprecated setup.py egg_info --egg-base ../../build/kart build --build-base /home/yolo/ros2-package/build/kart/build install --record /home/yolo/ros2-package/build/kart/install.log --single-version-externally-managed install_data
[1.449s] running egg_info
[1.449s] writing ../../build/kart/kart.egg-info/PKG-INFO
[1.455s] writing dependency_links to ../../build/kart/kart.egg-info/dependency_links.txt
[1.459s] writing entry points to ../../build/kart/kart.egg-info/entry_points.txt
[1.459s] writing requirements to ../../build/kart/kart.egg-info/requires.txt
[1.460s] writing top-level names to ../../build/kart/kart.egg-info/top_level.txt
[1.474s] reading manifest file '../../build/kart/kart.egg-info/SOURCES.txt'
[1.476s] writing manifest file '../../build/kart/kart.egg-info/SOURCES.txt'
[1.476s] running build
[1.476s] running build_py
[1.478s] running install
[1.478s] running install_lib
[1.491s] running install_data
[1.493s] running install_egg_info
[1.497s] removing '/home/yolo/ros2-package/install/kart/lib/python3.10/site-packages/kart-0.0.0-py3.10.egg-info' (and everything under it)
[1.497s] Copying ../../build/kart/kart.egg-info to /home/yolo/ros2-package/install/kart/lib/python3.10/site-packages/kart-0.0.0-py3.10.egg-info
[1.498s] running install_scripts
[1.522s] Installing camera_servo.py script to /home/yolo/ros2-package/install/kart/lib/kart
[1.528s] Installing main.py script to /home/yolo/ros2-package/install/kart/lib/kart
[1.529s] Installing pump_DC.py script to /home/yolo/ros2-package/install/kart/lib/kart
[1.530s] Installing steering_servo.py script to /home/yolo/ros2-package/install/kart/lib/kart
[1.531s] Installing watergun_servo.py script to /home/yolo/ros2-package/install/kart/lib/kart
[1.532s] Installing wheel_DC.py script to /home/yolo/ros2-package/install/kart/lib/kart
[1.534s] writing list of installed files to '/home/yolo/ros2-package/build/kart/install.log'
[1.589s] Invoked command in '/home/yolo/ros2-package/src/kart' returned '0': PYTHONPATH=/home/yolo/ros2-package/build/kart/prefix_override:/usr/local/lib/python3.10/dist-packages/colcon_core/task/python/colcon_distutils_commands:/home/yolo/ros2-package/install/kart/lib/python3.10/site-packages:${PYTHONPATH} /usr/bin/python3 -W ignore:setup.py install is deprecated setup.py egg_info --egg-base ../../build/kart build --build-base /home/yolo/ros2-package/build/kart/build install --record /home/yolo/ros2-package/build/kart/install.log --single-version-externally-managed install_data
