[0.812s] Invoking command in '/home/yolo/ros2-package/src/kart': PYTHONPATH=/home/yolo/ros2-package/build/kart/prefix_override:/usr/local/lib/python3.10/dist-packages/colcon_core/task/python/colcon_distutils_commands:/home/yolo/ros2-package/install/kart/lib/python3.10/site-packages:${PYTHONPATH} /usr/bin/python3 -W ignore:setup.py install is deprecated setup.py egg_info --egg-base ../../build/kart build --build-base /home/yolo/ros2-package/build/kart/build install --record /home/yolo/ros2-package/build/kart/install.log --single-version-externally-managed install_data
[1.122s] running egg_info
[1.124s] writing ../../build/kart/kart.egg-info/PKG-INFO
[1.170s] writing dependency_links to ../../build/kart/kart.egg-info/dependency_links.txt
[1.171s] writing entry points to ../../build/kart/kart.egg-info/entry_points.txt
[1.171s] writing requirements to ../../build/kart/kart.egg-info/requires.txt
[1.172s] writing top-level names to ../../build/kart/kart.egg-info/top_level.txt
[1.175s] reading manifest file '../../build/kart/kart.egg-info/SOURCES.txt'
[1.178s] writing manifest file '../../build/kart/kart.egg-info/SOURCES.txt'
[1.178s] running build
[1.178s] running build_py
[1.178s] copying kart/main.py -> /home/yolo/ros2-package/build/kart/build/lib/kart
[1.178s] running install
[1.178s] running install_lib
[1.179s] copying /home/yolo/ros2-package/build/kart/build/lib/kart/main.py -> /home/yolo/ros2-package/install/kart/lib/python3.10/site-packages/kart
[1.179s] byte-compiling /home/yolo/ros2-package/install/kart/lib/python3.10/site-packages/kart/main.py to main.cpython-310.pyc
[1.181s] running install_data
[1.181s] running install_egg_info
[1.185s] removing '/home/yolo/ros2-package/install/kart/lib/python3.10/site-packages/kart-0.0.0-py3.10.egg-info' (and everything under it)
[1.185s] Copying ../../build/kart/kart.egg-info to /home/yolo/ros2-package/install/kart/lib/python3.10/site-packages/kart-0.0.0-py3.10.egg-info
[1.186s] running install_scripts
[1.211s] Installing camera_servo.py script to /home/yolo/ros2-package/install/kart/lib/kart
[1.211s] Installing main.py script to /home/yolo/ros2-package/install/kart/lib/kart
[1.218s] Installing pump_DC.py script to /home/yolo/ros2-package/install/kart/lib/kart
[1.219s] Installing steering_servo.py script to /home/yolo/ros2-package/install/kart/lib/kart
[1.220s] Installing watergun_servo.py script to /home/yolo/ros2-package/install/kart/lib/kart
[1.221s] Installing wheel_DC.py script to /home/yolo/ros2-package/install/kart/lib/kart
[1.223s] writing list of installed files to '/home/yolo/ros2-package/build/kart/install.log'
[1.298s] Invoked command in '/home/yolo/ros2-package/src/kart' returned '0': PYTHONPATH=/home/yolo/ros2-package/build/kart/prefix_override:/usr/local/lib/python3.10/dist-packages/colcon_core/task/python/colcon_distutils_commands:/home/yolo/ros2-package/install/kart/lib/python3.10/site-packages:${PYTHONPATH} /usr/bin/python3 -W ignore:setup.py install is deprecated setup.py egg_info --egg-base ../../build/kart build --build-base /home/yolo/ros2-package/build/kart/build install --record /home/yolo/ros2-package/build/kart/install.log --single-version-externally-managed install_data
