[0.623s] Invoking command in '/home/yolo/ros2-package/src/kart': PYTHONPATH=/home/yolo/ros2-package/build/kart/prefix_override:/usr/local/lib/python3.10/dist-packages/colcon_core/task/python/colcon_distutils_commands:/home/yolo/ros2-package/install/kart/lib/python3.10/site-packages:${PYTHONPATH} /usr/bin/python3 -W ignore:setup.py install is deprecated setup.py egg_info --egg-base ../../build/kart build --build-base /home/yolo/ros2-package/build/kart/build install --record /home/yolo/ros2-package/build/kart/install.log --single-version-externally-managed install_data
[0.824s] running egg_info
[0.825s] writing ../../build/kart/kart.egg-info/PKG-INFO
[0.825s] writing dependency_links to ../../build/kart/kart.egg-info/dependency_links.txt
[0.834s] writing entry points to ../../build/kart/kart.egg-info/entry_points.txt
[0.835s] writing requirements to ../../build/kart/kart.egg-info/requires.txt
[0.836s] writing top-level names to ../../build/kart/kart.egg-info/top_level.txt
[0.840s] reading manifest file '../../build/kart/kart.egg-info/SOURCES.txt'
[0.840s] writing manifest file '../../build/kart/kart.egg-info/SOURCES.txt'
[0.841s] running build
[0.841s] running build_py
[0.841s] running install
[0.841s] running install_lib
[0.843s] running install_data
[0.843s] copying package.xml -> /home/yolo/ros2-package/install/kart/share/kart
[0.843s] running install_egg_info
[0.847s] removing '/home/yolo/ros2-package/install/kart/lib/python3.10/site-packages/kart-0.0.0-py3.10.egg-info' (and everything under it)
[0.848s] Copying ../../build/kart/kart.egg-info to /home/yolo/ros2-package/install/kart/lib/python3.10/site-packages/kart-0.0.0-py3.10.egg-info
[0.848s] running install_scripts
[0.872s] Installing camera_servo script to /home/yolo/ros2-package/install/kart/lib/kart
[0.872s] Installing main script to /home/yolo/ros2-package/install/kart/lib/kart
[0.879s] Installing pump_dc script to /home/yolo/ros2-package/install/kart/lib/kart
[0.880s] Installing steering_servo script to /home/yolo/ros2-package/install/kart/lib/kart
[0.885s] Installing watergun_servo script to /home/yolo/ros2-package/install/kart/lib/kart
[0.886s] Installing wheel_dc script to /home/yolo/ros2-package/install/kart/lib/kart
[0.887s] writing list of installed files to '/home/yolo/ros2-package/build/kart/install.log'
[0.944s] Invoked command in '/home/yolo/ros2-package/src/kart' returned '0': PYTHONPATH=/home/yolo/ros2-package/build/kart/prefix_override:/usr/local/lib/python3.10/dist-packages/colcon_core/task/python/colcon_distutils_commands:/home/yolo/ros2-package/install/kart/lib/python3.10/site-packages:${PYTHONPATH} /usr/bin/python3 -W ignore:setup.py install is deprecated setup.py egg_info --egg-base ../../build/kart build --build-base /home/yolo/ros2-package/build/kart/build install --record /home/yolo/ros2-package/build/kart/install.log --single-version-externally-managed install_data
