[0.619s] Invoking command in '/home/yolo/ros2-package/src/kart': PYTHONPATH=/home/yolo/ros2-package/build/kart/prefix_override:/usr/local/lib/python3.10/dist-packages/colcon_core/task/python/colcon_distutils_commands:/home/yolo/ros2-package/install/kart/lib/python3.10/site-packages:${PYTHONPATH} /usr/bin/python3 -W ignore:setup.py install is deprecated setup.py egg_info --egg-base ../../build/kart build --build-base /home/yolo/ros2-package/build/kart/build install --record /home/yolo/ros2-package/build/kart/install.log --single-version-externally-managed install_data
[0.818s] running egg_info
[0.820s] writing ../../build/kart/kart.egg-info/PKG-INFO
[0.820s] writing dependency_links to ../../build/kart/kart.egg-info/dependency_links.txt
[0.826s] writing entry points to ../../build/kart/kart.egg-info/entry_points.txt
[0.827s] writing requirements to ../../build/kart/kart.egg-info/requires.txt
[0.827s] writing top-level names to ../../build/kart/kart.egg-info/top_level.txt
[0.832s] reading manifest file '../../build/kart/kart.egg-info/SOURCES.txt'
[0.832s] writing manifest file '../../build/kart/kart.egg-info/SOURCES.txt'
[0.832s] running build
[0.832s] running build_py
[0.832s] copying kart/steering_servo.py -> /home/yolo/ros2-package/build/kart/build/lib/kart
[0.832s] running install
[0.833s] running install_lib
[0.834s] copying /home/yolo/ros2-package/build/kart/build/lib/kart/steering_servo.py -> /home/yolo/ros2-package/install/kart/lib/python3.10/site-packages/kart
[0.836s] byte-compiling /home/yolo/ros2-package/install/kart/lib/python3.10/site-packages/kart/steering_servo.py to steering_servo.cpython-310.pyc
[0.836s] running install_data
[0.836s] running install_egg_info
[0.842s] removing '/home/yolo/ros2-package/install/kart/lib/python3.10/site-packages/kart-0.0.0-py3.10.egg-info' (and everything under it)
[0.842s] Copying ../../build/kart/kart.egg-info to /home/yolo/ros2-package/install/kart/lib/python3.10/site-packages/kart-0.0.0-py3.10.egg-info
[0.842s] running install_scripts
[0.863s] Installing camera_servo.py script to /home/yolo/ros2-package/install/kart/lib/kart
[0.863s] Installing main.py script to /home/yolo/ros2-package/install/kart/lib/kart
[0.870s] Installing pump_DC.py script to /home/yolo/ros2-package/install/kart/lib/kart
[0.871s] Installing steering_servo.py script to /home/yolo/ros2-package/install/kart/lib/kart
[0.872s] Installing watergun_servo.py script to /home/yolo/ros2-package/install/kart/lib/kart
[0.873s] Installing wheel_DC.py script to /home/yolo/ros2-package/install/kart/lib/kart
[0.875s] writing list of installed files to '/home/yolo/ros2-package/build/kart/install.log'
[0.928s] Invoked command in '/home/yolo/ros2-package/src/kart' returned '0': PYTHONPATH=/home/yolo/ros2-package/build/kart/prefix_override:/usr/local/lib/python3.10/dist-packages/colcon_core/task/python/colcon_distutils_commands:/home/yolo/ros2-package/install/kart/lib/python3.10/site-packages:${PYTHONPATH} /usr/bin/python3 -W ignore:setup.py install is deprecated setup.py egg_info --egg-base ../../build/kart build --build-base /home/yolo/ros2-package/build/kart/build install --record /home/yolo/ros2-package/build/kart/install.log --single-version-externally-managed install_data
