running egg_info
creating ../../build/kart/kart.egg-info
writing ../../build/kart/kart.egg-info/PKG-INFO
writing dependency_links to ../../build/kart/kart.egg-info/dependency_links.txt
writing entry points to ../../build/kart/kart.egg-info/entry_points.txt
writing requirements to ../../build/kart/kart.egg-info/requires.txt
writing top-level names to ../../build/kart/kart.egg-info/top_level.txt
writing manifest file '../../build/kart/kart.egg-info/SOURCES.txt'
reading manifest file '../../build/kart/kart.egg-info/SOURCES.txt'
writing manifest file '../../build/kart/kart.egg-info/SOURCES.txt'
running build
running build_py
creating /home/sg/ws/build/kart/build
creating /home/sg/ws/build/kart/build/lib
creating /home/sg/ws/build/kart/build/lib/kart
copying kart/__init__.py -> /home/sg/ws/build/kart/build/lib/kart
running install
running install_lib
creating /home/sg/ws/install/kart/lib/python3.10/site-packages/kart
copying /home/sg/ws/build/kart/build/lib/kart/__init__.py -> /home/sg/ws/install/kart/lib/python3.10/site-packages/kart
byte-compiling /home/sg/ws/install/kart/lib/python3.10/site-packages/kart/__init__.py to __init__.cpython-310.pyc
running install_data
creating /home/sg/ws/install/kart/share/ament_index
creating /home/sg/ws/install/kart/share/ament_index/resource_index
creating /home/sg/ws/install/kart/share/ament_index/resource_index/packages
copying resource/kart -> /home/sg/ws/install/kart/share/ament_index/resource_index/packages
copying package.xml -> /home/sg/ws/install/kart/share/kart
running install_egg_info
Copying ../../build/kart/kart.egg-info to /home/sg/ws/install/kart/lib/python3.10/site-packages/kart-0.0.0-py3.10.egg-info
running install_scripts
writing list of installed files to '/home/sg/ws/build/kart/install.log'
