[0.517s] Invoking command in '/home/sg/ws/src/kart': PYTHONPATH=/home/sg/ws/build/kart/prefix_override:/home/sg/ws/install/kart/lib/python3.10/site-packages:${PYTHONPATH} /usr/bin/python3 -W ignore:setup.py install is deprecated setup.py egg_info --egg-base ../../build/kart build --build-base /home/sg/ws/build/kart/build install --record /home/sg/ws/build/kart/install.log --single-version-externally-managed install_data
[0.685s] running egg_info
[0.685s] creating ../../build/kart/kart.egg-info
[0.686s] writing ../../build/kart/kart.egg-info/PKG-INFO
[0.686s] writing dependency_links to ../../build/kart/kart.egg-info/dependency_links.txt
[0.686s] writing entry points to ../../build/kart/kart.egg-info/entry_points.txt
[0.686s] writing requirements to ../../build/kart/kart.egg-info/requires.txt
[0.686s] writing top-level names to ../../build/kart/kart.egg-info/top_level.txt
[0.686s] writing manifest file '../../build/kart/kart.egg-info/SOURCES.txt'
[0.687s] reading manifest file '../../build/kart/kart.egg-info/SOURCES.txt'
[0.687s] writing manifest file '../../build/kart/kart.egg-info/SOURCES.txt'
[0.687s] running build
[0.688s] running build_py
[0.688s] creating /home/sg/ws/build/kart/build
[0.688s] creating /home/sg/ws/build/kart/build/lib
[0.688s] creating /home/sg/ws/build/kart/build/lib/kart
[0.688s] copying kart/__init__.py -> /home/sg/ws/build/kart/build/lib/kart
[0.688s] running install
[0.688s] running install_lib
[0.688s] creating /home/sg/ws/install/kart/lib/python3.10/site-packages/kart
[0.688s] copying /home/sg/ws/build/kart/build/lib/kart/__init__.py -> /home/sg/ws/install/kart/lib/python3.10/site-packages/kart
[0.689s] byte-compiling /home/sg/ws/install/kart/lib/python3.10/site-packages/kart/__init__.py to __init__.cpython-310.pyc
[0.689s] running install_data
[0.689s] creating /home/sg/ws/install/kart/share/ament_index
[0.689s] creating /home/sg/ws/install/kart/share/ament_index/resource_index
[0.689s] creating /home/sg/ws/install/kart/share/ament_index/resource_index/packages
[0.689s] copying resource/kart -> /home/sg/ws/install/kart/share/ament_index/resource_index/packages
[0.689s] copying package.xml -> /home/sg/ws/install/kart/share/kart
[0.689s] running install_egg_info
[0.690s] Copying ../../build/kart/kart.egg-info to /home/sg/ws/install/kart/lib/python3.10/site-packages/kart-0.0.0-py3.10.egg-info
[0.691s] running install_scripts
[0.704s] writing list of installed files to '/home/sg/ws/build/kart/install.log'
[0.721s] Invoked command in '/home/sg/ws/src/kart' returned '0': PYTHONPATH=/home/sg/ws/build/kart/prefix_override:/home/sg/ws/install/kart/lib/python3.10/site-packages:${PYTHONPATH} /usr/bin/python3 -W ignore:setup.py install is deprecated setup.py egg_info --egg-base ../../build/kart build --build-base /home/sg/ws/build/kart/build install --record /home/sg/ws/build/kart/install.log --single-version-externally-managed install_data
