[1.198s] Invoking command in '/home/yolo/ros2-package/src/kart': PYTHONPATH=/home/yolo/ros2-package/build/kart/prefix_override:/usr/local/lib/python3.10/dist-packages/colcon_core/task/python/colcon_distutils_commands:/home/yolo/ros2-package/install/kart/lib/python3.10/site-packages:${PYTHONPATH} /usr/bin/python3 -W ignore:setup.py install is deprecated setup.py egg_info --egg-base ../../build/kart build --build-base /home/yolo/ros2-package/build/kart/build install --record /home/yolo/ros2-package/build/kart/install.log --single-version-externally-managed install_data
[1.475s] running egg_info
[1.477s] writing ../../build/kart/kart.egg-info/PKG-INFO
[1.483s] writing dependency_links to ../../build/kart/kart.egg-info/dependency_links.txt
[1.484s] writing entry points to ../../build/kart/kart.egg-info/entry_points.txt
[1.485s] writing requirements to ../../build/kart/kart.egg-info/requires.txt
[1.486s] writing top-level names to ../../build/kart/kart.egg-info/top_level.txt
[1.491s] reading manifest file '../../build/kart/kart.egg-info/SOURCES.txt'
[1.493s] writing manifest file '../../build/kart/kart.egg-info/SOURCES.txt'
[1.494s] running build
[1.494s] running build_py
[1.496s] running install
[1.497s] running install_lib
[1.501s] running install_data
[1.502s] running install_egg_info
[1.509s] removing '/home/yolo/ros2-package/install/kart/lib/python3.10/site-packages/kart-0.0.0-py3.10.egg-info' (and everything under it)
[1.510s] Copying ../../build/kart/kart.egg-info to /home/yolo/ros2-package/install/kart/lib/python3.10/site-packages/kart-0.0.0-py3.10.egg-info
[1.517s] running install_scripts
[1.555s] Installing camera_servo script to /home/yolo/ros2-package/install/kart/lib/kart
[1.561s] Installing main script to /home/yolo/ros2-package/install/kart/lib/kart
[1.562s] Installing pump_dc script to /home/yolo/ros2-package/install/kart/lib/kart
[1.564s] Installing steering_servo script to /home/yolo/ros2-package/install/kart/lib/kart
[1.565s] Installing watergun_servo script to /home/yolo/ros2-package/install/kart/lib/kart
[1.566s] Installing wheel_dc script to /home/yolo/ros2-package/install/kart/lib/kart
[1.567s] writing list of installed files to '/home/yolo/ros2-package/build/kart/install.log'
[1.622s] Invoked command in '/home/yolo/ros2-package/src/kart' returned '0': PYTHONPATH=/home/yolo/ros2-package/build/kart/prefix_override:/usr/local/lib/python3.10/dist-packages/colcon_core/task/python/colcon_distutils_commands:/home/yolo/ros2-package/install/kart/lib/python3.10/site-packages:${PYTHONPATH} /usr/bin/python3 -W ignore:setup.py install is deprecated setup.py egg_info --egg-base ../../build/kart build --build-base /home/yolo/ros2-package/build/kart/build install --record /home/yolo/ros2-package/build/kart/install.log --single-version-externally-managed install_data
