[0.861s] Invoking command in '/home/yolo/ros2-package/src/kart': PYTHONPATH=/home/yolo/ros2-package/build/kart/prefix_override:/usr/local/lib/python3.10/dist-packages/colcon_core/task/python/colcon_distutils_commands:/home/yolo/ros2-package/install/kart/lib/python3.10/site-packages:${PYTHONPATH} /usr/bin/python3 -W ignore:setup.py install is deprecated setup.py egg_info --egg-base ../../build/kart build --build-base /home/yolo/ros2-package/build/kart/build install --record /home/yolo/ros2-package/build/kart/install.log --single-version-externally-managed install_data
[1.065s] running egg_info
[1.066s] writing ../../build/kart/kart.egg-info/PKG-INFO
[1.071s] writing dependency_links to ../../build/kart/kart.egg-info/dependency_links.txt
[1.075s] writing entry points to ../../build/kart/kart.egg-info/entry_points.txt
[1.075s] writing requirements to ../../build/kart/kart.egg-info/requires.txt
[1.076s] writing top-level names to ../../build/kart/kart.egg-info/top_level.txt
[1.079s] reading manifest file '../../build/kart/kart.egg-info/SOURCES.txt'
[1.080s] writing manifest file '../../build/kart/kart.egg-info/SOURCES.txt'
[1.080s] running build
[1.080s] running build_py
[1.082s] running install
[1.082s] running install_lib
[1.087s] running install_data
[1.089s] running install_egg_info
[1.093s] removing '/home/yolo/ros2-package/install/kart/lib/python3.10/site-packages/kart-0.0.0-py3.10.egg-info' (and everything under it)
[1.093s] Copying ../../build/kart/kart.egg-info to /home/yolo/ros2-package/install/kart/lib/python3.10/site-packages/kart-0.0.0-py3.10.egg-info
[1.095s] running install_scripts
[1.118s] Installing camera_servo.py script to /home/yolo/ros2-package/install/kart/lib/kart
[1.124s] Installing main.py script to /home/yolo/ros2-package/install/kart/lib/kart
[1.125s] Installing pump_DC.py script to /home/yolo/ros2-package/install/kart/lib/kart
[1.126s] Installing steering_servo.py script to /home/yolo/ros2-package/install/kart/lib/kart
[1.128s] Installing watergun_servo.py script to /home/yolo/ros2-package/install/kart/lib/kart
[1.129s] Installing wheel_DC.py script to /home/yolo/ros2-package/install/kart/lib/kart
[1.131s] writing list of installed files to '/home/yolo/ros2-package/build/kart/install.log'
[1.187s] Invoked command in '/home/yolo/ros2-package/src/kart' returned '0': PYTHONPATH=/home/yolo/ros2-package/build/kart/prefix_override:/usr/local/lib/python3.10/dist-packages/colcon_core/task/python/colcon_distutils_commands:/home/yolo/ros2-package/install/kart/lib/python3.10/site-packages:${PYTHONPATH} /usr/bin/python3 -W ignore:setup.py install is deprecated setup.py egg_info --egg-base ../../build/kart build --build-base /home/yolo/ros2-package/build/kart/build install --record /home/yolo/ros2-package/build/kart/install.log --single-version-externally-managed install_data
