[0.645s] Invoking command in '/home/yolo/ros2-package/src/kart': PYTHONPATH=/home/yolo/ros2-package/build/kart/prefix_override:/usr/local/lib/python3.10/dist-packages/colcon_core/task/python/colcon_distutils_commands:/home/yolo/ros2-package/install/kart/lib/python3.10/site-packages:${PYTHONPATH} /usr/bin/python3 -W ignore:setup.py install is deprecated setup.py egg_info --egg-base ../../build/kart build --build-base /home/yolo/ros2-package/build/kart/build install --record /home/yolo/ros2-package/build/kart/install.log --single-version-externally-managed install_data
[0.846s] running egg_info
[0.846s] writing ../../build/kart/kart.egg-info/PKG-INFO
[0.846s] writing dependency_links to ../../build/kart/kart.egg-info/dependency_links.txt
[0.852s] writing entry points to ../../build/kart/kart.egg-info/entry_points.txt
[0.853s] writing requirements to ../../build/kart/kart.egg-info/requires.txt
[0.854s] writing top-level names to ../../build/kart/kart.egg-info/top_level.txt
[0.857s] reading manifest file '../../build/kart/kart.egg-info/SOURCES.txt'
[0.859s] writing manifest file '../../build/kart/kart.egg-info/SOURCES.txt'
[0.859s] running build
[0.859s] running build_py
[0.859s] copying kart/steering_servo.py -> /home/yolo/ros2-package/build/kart/build/lib/kart
[0.859s] running install
[0.859s] running install_lib
[0.860s] copying /home/yolo/ros2-package/build/kart/build/lib/kart/steering_servo.py -> /home/yolo/ros2-package/install/kart/lib/python3.10/site-packages/kart
[0.861s] byte-compiling /home/yolo/ros2-package/install/kart/lib/python3.10/site-packages/kart/steering_servo.py to steering_servo.cpython-310.pyc
[0.862s] running install_data
[0.862s] running install_egg_info
[0.866s] removing '/home/yolo/ros2-package/install/kart/lib/python3.10/site-packages/kart-0.0.0-py3.10.egg-info' (and everything under it)
[0.866s] Copying ../../build/kart/kart.egg-info to /home/yolo/ros2-package/install/kart/lib/python3.10/site-packages/kart-0.0.0-py3.10.egg-info
[0.867s] running install_scripts
[0.890s] Installing camera_servo.py script to /home/yolo/ros2-package/install/kart/lib/kart
[0.890s] Installing main.py script to /home/yolo/ros2-package/install/kart/lib/kart
[0.897s] Installing pump_DC.py script to /home/yolo/ros2-package/install/kart/lib/kart
[0.901s] Installing steering_servo.py script to /home/yolo/ros2-package/install/kart/lib/kart
[0.902s] Installing watergun_servo.py script to /home/yolo/ros2-package/install/kart/lib/kart
[0.903s] Installing wheel_DC.py script to /home/yolo/ros2-package/install/kart/lib/kart
[0.904s] writing list of installed files to '/home/yolo/ros2-package/build/kart/install.log'
[0.954s] Invoked command in '/home/yolo/ros2-package/src/kart' returned '0': PYTHONPATH=/home/yolo/ros2-package/build/kart/prefix_override:/usr/local/lib/python3.10/dist-packages/colcon_core/task/python/colcon_distutils_commands:/home/yolo/ros2-package/install/kart/lib/python3.10/site-packages:${PYTHONPATH} /usr/bin/python3 -W ignore:setup.py install is deprecated setup.py egg_info --egg-base ../../build/kart build --build-base /home/yolo/ros2-package/build/kart/build install --record /home/yolo/ros2-package/build/kart/install.log --single-version-externally-managed install_data
