[1.021s] Invoking command in '/home/yolo/ros2-package/src/kart': PYTHONPATH=/home/yolo/ros2-package/build/kart/prefix_override:/usr/local/lib/python3.10/dist-packages/colcon_core/task/python/colcon_distutils_commands:/home/yolo/ros2-package/install/kart/lib/python3.10/site-packages:${PYTHONPATH} /usr/bin/python3 -W ignore:setup.py install is deprecated setup.py egg_info --egg-base ../../build/kart build --build-base /home/yolo/ros2-package/build/kart/build install --record /home/yolo/ros2-package/build/kart/install.log --single-version-externally-managed install_data
[1.232s] running egg_info
[1.233s] writing ../../build/kart/kart.egg-info/PKG-INFO
[1.239s] writing dependency_links to ../../build/kart/kart.egg-info/dependency_links.txt
[1.240s] writing entry points to ../../build/kart/kart.egg-info/entry_points.txt
[1.241s] writing requirements to ../../build/kart/kart.egg-info/requires.txt
[1.242s] writing top-level names to ../../build/kart/kart.egg-info/top_level.txt
[1.245s] reading manifest file '../../build/kart/kart.egg-info/SOURCES.txt'
[1.246s] writing manifest file '../../build/kart/kart.egg-info/SOURCES.txt'
[1.247s] running build
[1.247s] running build_py
[1.248s] copying kart/wheel_DC.py -> /home/yolo/ros2-package/build/kart/build/lib/kart
[1.248s] running install
[1.249s] running install_lib
[1.250s] copying /home/yolo/ros2-package/build/kart/build/lib/kart/wheel_DC.py -> /home/yolo/ros2-package/install/kart/lib/python3.10/site-packages/kart
[1.252s] byte-compiling /home/yolo/ros2-package/install/kart/lib/python3.10/site-packages/kart/wheel_DC.py to wheel_DC.cpython-310.pyc
[1.253s] running install_data
[1.255s] running install_egg_info
[1.259s] removing '/home/yolo/ros2-package/install/kart/lib/python3.10/site-packages/kart-0.0.0-py3.10.egg-info' (and everything under it)
[1.259s] Copying ../../build/kart/kart.egg-info to /home/yolo/ros2-package/install/kart/lib/python3.10/site-packages/kart-0.0.0-py3.10.egg-info
[1.261s] running install_scripts
[1.285s] Installing camera_servo.py script to /home/yolo/ros2-package/install/kart/lib/kart
[1.291s] Installing main.py script to /home/yolo/ros2-package/install/kart/lib/kart
[1.293s] Installing pump_DC.py script to /home/yolo/ros2-package/install/kart/lib/kart
[1.294s] Installing steering_servo.py script to /home/yolo/ros2-package/install/kart/lib/kart
[1.295s] Installing watergun_servo.py script to /home/yolo/ros2-package/install/kart/lib/kart
[1.296s] Installing wheel_DC.py script to /home/yolo/ros2-package/install/kart/lib/kart
[1.298s] writing list of installed files to '/home/yolo/ros2-package/build/kart/install.log'
[1.354s] Invoked command in '/home/yolo/ros2-package/src/kart' returned '0': PYTHONPATH=/home/yolo/ros2-package/build/kart/prefix_override:/usr/local/lib/python3.10/dist-packages/colcon_core/task/python/colcon_distutils_commands:/home/yolo/ros2-package/install/kart/lib/python3.10/site-packages:${PYTHONPATH} /usr/bin/python3 -W ignore:setup.py install is deprecated setup.py egg_info --egg-base ../../build/kart build --build-base /home/yolo/ros2-package/build/kart/build install --record /home/yolo/ros2-package/build/kart/install.log --single-version-externally-managed install_data
