[0.787s] Invoking command in '/home/yolo/ros2-package/src/kart': PYTHONPATH=/home/yolo/ros2-package/build/kart/prefix_override:/usr/local/lib/python3.10/dist-packages/colcon_core/task/python/colcon_distutils_commands:/home/yolo/ros2-package/install/kart/lib/python3.10/site-packages:${PYTHONPATH} /usr/bin/python3 -W ignore:setup.py install is deprecated setup.py egg_info --egg-base ../../build/kart build --build-base /home/yolo/ros2-package/build/kart/build install --record /home/yolo/ros2-package/build/kart/install.log --single-version-externally-managed install_data
[1.047s] running egg_info
[1.048s] writing ../../build/kart/kart.egg-info/PKG-INFO
[1.048s] writing dependency_links to ../../build/kart/kart.egg-info/dependency_links.txt
[1.055s] writing entry points to ../../build/kart/kart.egg-info/entry_points.txt
[1.055s] writing requirements to ../../build/kart/kart.egg-info/requires.txt
[1.056s] writing top-level names to ../../build/kart/kart.egg-info/top_level.txt
[1.059s] reading manifest file '../../build/kart/kart.egg-info/SOURCES.txt'
[1.060s] writing manifest file '../../build/kart/kart.egg-info/SOURCES.txt'
[1.060s] running build
[1.060s] running build_py
[1.060s] copying kart/pump_DC.py -> /home/yolo/ros2-package/build/kart/build/lib/kart
[1.061s] running install
[1.061s] running install_lib
[1.062s] copying /home/yolo/ros2-package/build/kart/build/lib/kart/pump_DC.py -> /home/yolo/ros2-package/install/kart/lib/python3.10/site-packages/kart
[1.063s] byte-compiling /home/yolo/ros2-package/install/kart/lib/python3.10/site-packages/kart/pump_DC.py to pump_DC.cpython-310.pyc
[1.064s] running install_data
[1.064s] running install_egg_info
[1.068s] removing '/home/yolo/ros2-package/install/kart/lib/python3.10/site-packages/kart-0.0.0-py3.10.egg-info' (and everything under it)
[1.069s] Copying ../../build/kart/kart.egg-info to /home/yolo/ros2-package/install/kart/lib/python3.10/site-packages/kart-0.0.0-py3.10.egg-info
[1.071s] running install_scripts
[1.121s] Installing camera_servo.py script to /home/yolo/ros2-package/install/kart/lib/kart
[1.121s] Installing main.py script to /home/yolo/ros2-package/install/kart/lib/kart
[1.128s] Installing pump_DC.py script to /home/yolo/ros2-package/install/kart/lib/kart
[1.130s] Installing steering_servo.py script to /home/yolo/ros2-package/install/kart/lib/kart
[1.131s] Installing watergun_servo.py script to /home/yolo/ros2-package/install/kart/lib/kart
[1.132s] Installing wheel_DC.py script to /home/yolo/ros2-package/install/kart/lib/kart
[1.134s] writing list of installed files to '/home/yolo/ros2-package/build/kart/install.log'
[1.199s] Invoked command in '/home/yolo/ros2-package/src/kart' returned '0': PYTHONPATH=/home/yolo/ros2-package/build/kart/prefix_override:/usr/local/lib/python3.10/dist-packages/colcon_core/task/python/colcon_distutils_commands:/home/yolo/ros2-package/install/kart/lib/python3.10/site-packages:${PYTHONPATH} /usr/bin/python3 -W ignore:setup.py install is deprecated setup.py egg_info --egg-base ../../build/kart build --build-base /home/yolo/ros2-package/build/kart/build install --record /home/yolo/ros2-package/build/kart/install.log --single-version-externally-managed install_data
