[0.635s] Invoking command in '/home/yolo/ros2-package/src/kart': PYTHONPATH=/home/yolo/ros2-package/build/kart/prefix_override:/usr/local/lib/python3.10/dist-packages/colcon_core/task/python/colcon_distutils_commands:/home/yolo/ros2-package/install/kart/lib/python3.10/site-packages:${PYTHONPATH} /usr/bin/python3 -W ignore:setup.py install is deprecated setup.py egg_info --egg-base ../../build/kart build --build-base /home/yolo/ros2-package/build/kart/build install --record /home/yolo/ros2-package/build/kart/install.log --single-version-externally-managed install_data
[0.842s] running egg_info
[0.843s] writing ../../build/kart/kart.egg-info/PKG-INFO
[0.843s] writing dependency_links to ../../build/kart/kart.egg-info/dependency_links.txt
[0.849s] writing entry points to ../../build/kart/kart.egg-info/entry_points.txt
[0.849s] writing requirements to ../../build/kart/kart.egg-info/requires.txt
[0.850s] writing top-level names to ../../build/kart/kart.egg-info/top_level.txt
[0.853s] reading manifest file '../../build/kart/kart.egg-info/SOURCES.txt'
[0.855s] writing manifest file '../../build/kart/kart.egg-info/SOURCES.txt'
[0.855s] running build
[0.856s] running build_py
[0.856s] copying kart/main.py -> /home/yolo/ros2-package/build/kart/build/lib/kart
[0.856s] running install
[0.856s] running install_lib
[0.856s] copying /home/yolo/ros2-package/build/kart/build/lib/kart/main.py -> /home/yolo/ros2-package/install/kart/lib/python3.10/site-packages/kart
[0.857s] byte-compiling /home/yolo/ros2-package/install/kart/lib/python3.10/site-packages/kart/main.py to main.cpython-310.pyc
[0.858s] running install_data
[0.858s] running install_egg_info
[0.862s] removing '/home/yolo/ros2-package/install/kart/lib/python3.10/site-packages/kart-0.0.0-py3.10.egg-info' (and everything under it)
[0.863s] Copying ../../build/kart/kart.egg-info to /home/yolo/ros2-package/install/kart/lib/python3.10/site-packages/kart-0.0.0-py3.10.egg-info
[0.863s] running install_scripts
[0.888s] Installing camera_servo.py script to /home/yolo/ros2-package/install/kart/lib/kart
[0.888s] Installing main.py script to /home/yolo/ros2-package/install/kart/lib/kart
[0.895s] Installing pump_DC.py script to /home/yolo/ros2-package/install/kart/lib/kart
[0.896s] Installing steering_servo.py script to /home/yolo/ros2-package/install/kart/lib/kart
[0.897s] Installing watergun_servo.py script to /home/yolo/ros2-package/install/kart/lib/kart
[0.898s] Installing wheel_DC.py script to /home/yolo/ros2-package/install/kart/lib/kart
[0.900s] writing list of installed files to '/home/yolo/ros2-package/build/kart/install.log'
[0.955s] Invoked command in '/home/yolo/ros2-package/src/kart' returned '0': PYTHONPATH=/home/yolo/ros2-package/build/kart/prefix_override:/usr/local/lib/python3.10/dist-packages/colcon_core/task/python/colcon_distutils_commands:/home/yolo/ros2-package/install/kart/lib/python3.10/site-packages:${PYTHONPATH} /usr/bin/python3 -W ignore:setup.py install is deprecated setup.py egg_info --egg-base ../../build/kart build --build-base /home/yolo/ros2-package/build/kart/build install --record /home/yolo/ros2-package/build/kart/install.log --single-version-externally-managed install_data
