[1.019s] Invoking command in '/home/yolo/ros2-package/src/kart': PYTHONPATH=/home/yolo/ros2-package/build/kart/prefix_override:/usr/local/lib/python3.10/dist-packages/colcon_core/task/python/colcon_distutils_commands:/home/yolo/ros2-package/install/kart/lib/python3.10/site-packages:${PYTHONPATH} /usr/bin/python3 -W ignore:setup.py install is deprecated setup.py egg_info --egg-base ../../build/kart build --build-base /home/yolo/ros2-package/build/kart/build install --record /home/yolo/ros2-package/build/kart/install.log --single-version-externally-managed install_data
[1.227s] running egg_info
[1.227s] writing ../../build/kart/kart.egg-info/PKG-INFO
[1.233s] writing dependency_links to ../../build/kart/kart.egg-info/dependency_links.txt
[1.234s] writing entry points to ../../build/kart/kart.egg-info/entry_points.txt
[1.234s] writing requirements to ../../build/kart/kart.egg-info/requires.txt
[1.235s] writing top-level names to ../../build/kart/kart.egg-info/top_level.txt
[1.238s] reading manifest file '../../build/kart/kart.egg-info/SOURCES.txt'
[1.239s] writing manifest file '../../build/kart/kart.egg-info/SOURCES.txt'
[1.239s] running build
[1.239s] running build_py
[1.241s] running install
[1.242s] running install_lib
[1.244s] running install_data
[1.245s] running install_egg_info
[1.249s] removing '/home/yolo/ros2-package/install/kart/lib/python3.10/site-packages/kart-0.0.0-py3.10.egg-info' (and everything under it)
[1.249s] Copying ../../build/kart/kart.egg-info to /home/yolo/ros2-package/install/kart/lib/python3.10/site-packages/kart-0.0.0-py3.10.egg-info
[1.250s] running install_scripts
[1.274s] Installing camera_servo.py script to /home/yolo/ros2-package/install/kart/lib/kart
[1.280s] Installing main.py script to /home/yolo/ros2-package/install/kart/lib/kart
[1.281s] Installing pump_DC.py script to /home/yolo/ros2-package/install/kart/lib/kart
[1.282s] Installing steering_servo.py script to /home/yolo/ros2-package/install/kart/lib/kart
[1.284s] Installing watergun_servo.py script to /home/yolo/ros2-package/install/kart/lib/kart
[1.285s] Installing wheel_DC.py script to /home/yolo/ros2-package/install/kart/lib/kart
[1.286s] writing list of installed files to '/home/yolo/ros2-package/build/kart/install.log'
[1.342s] Invoked command in '/home/yolo/ros2-package/src/kart' returned '0': PYTHONPATH=/home/yolo/ros2-package/build/kart/prefix_override:/usr/local/lib/python3.10/dist-packages/colcon_core/task/python/colcon_distutils_commands:/home/yolo/ros2-package/install/kart/lib/python3.10/site-packages:${PYTHONPATH} /usr/bin/python3 -W ignore:setup.py install is deprecated setup.py egg_info --egg-base ../../build/kart build --build-base /home/yolo/ros2-package/build/kart/build install --record /home/yolo/ros2-package/build/kart/install.log --single-version-externally-managed install_data
