running egg_info
writing ../../build/kart/kart.egg-info/PKG-INFO
writing dependency_links to ../../build/kart/kart.egg-info/dependency_links.txt
writing entry points to ../../build/kart/kart.egg-info/entry_points.txt
writing requirements to ../../build/kart/kart.egg-info/requires.txt
writing top-level names to ../../build/kart/kart.egg-info/top_level.txt
reading manifest file '../../build/kart/kart.egg-info/SOURCES.txt'
writing manifest file '../../build/kart/kart.egg-info/SOURCES.txt'
running build
running build_py
copying kart/steering_servo.py -> /home/yolo/ros2-package/build/kart/build/lib/kart
running install
running install_lib
copying /home/yolo/ros2-package/build/kart/build/lib/kart/steering_servo.py -> /home/yolo/ros2-package/install/kart/lib/python3.10/site-packages/kart
byte-compiling /home/yolo/ros2-package/install/kart/lib/python3.10/site-packages/kart/steering_servo.py to steering_servo.cpython-310.pyc
running install_data
running install_egg_info
removing '/home/yolo/ros2-package/install/kart/lib/python3.10/site-packages/kart-0.0.0-py3.10.egg-info' (and everything under it)
Copying ../../build/kart/kart.egg-info to /home/yolo/ros2-package/install/kart/lib/python3.10/site-packages/kart-0.0.0-py3.10.egg-info
running install_scripts
Installing camera_servo.py script to /home/yolo/ros2-package/install/kart/lib/kart
Installing main.py script to /home/yolo/ros2-package/install/kart/lib/kart
Installing pump_DC.py script to /home/yolo/ros2-package/install/kart/lib/kart
Installing steering_servo.py script to /home/yolo/ros2-package/install/kart/lib/kart
Installing watergun_servo.py script to /home/yolo/ros2-package/install/kart/lib/kart
Installing wheel_DC.py script to /home/yolo/ros2-package/install/kart/lib/kart
writing list of installed files to '/home/yolo/ros2-package/build/kart/install.log'
