[1.372s] Invoking command in '/home/yolo/ros2-package/src/kart': PYTHONPATH=/home/yolo/ros2-package/build/kart/prefix_override:/usr/local/lib/python3.10/dist-packages/colcon_core/task/python/colcon_distutils_commands:/home/yolo/ros2-package/install/kart/lib/python3.10/site-packages:${PYTHONPATH} /usr/bin/python3 -W ignore:setup.py install is deprecated setup.py egg_info --egg-base ../../build/kart build --build-base /home/yolo/ros2-package/build/kart/build install --record /home/yolo/ros2-package/build/kart/install.log --single-version-externally-managed install_data
[1.633s] running egg_info
[1.634s] writing ../../build/kart/kart.egg-info/PKG-INFO
[1.640s] writing dependency_links to ../../build/kart/kart.egg-info/dependency_links.txt
[1.641s] writing entry points to ../../build/kart/kart.egg-info/entry_points.txt
[1.642s] writing requirements to ../../build/kart/kart.egg-info/requires.txt
[1.643s] writing top-level names to ../../build/kart/kart.egg-info/top_level.txt
[1.646s] reading manifest file '../../build/kart/kart.egg-info/SOURCES.txt'
[1.647s] writing manifest file '../../build/kart/kart.egg-info/SOURCES.txt'
[1.648s] running build
[1.648s] running build_py
[1.649s] running install
[1.650s] running install_lib
[1.652s] running install_data
[1.653s] running install_egg_info
[1.660s] removing '/home/yolo/ros2-package/install/kart/lib/python3.10/site-packages/kart-0.0.0-py3.10.egg-info' (and everything under it)
[1.661s] Copying ../../build/kart/kart.egg-info to /home/yolo/ros2-package/install/kart/lib/python3.10/site-packages/kart-0.0.0-py3.10.egg-info
[1.663s] running install_scripts
[1.712s] Installing camera_servo.py script to /home/yolo/ros2-package/install/kart/lib/kart
[1.718s] Installing main.py script to /home/yolo/ros2-package/install/kart/lib/kart
[1.719s] Installing pump_DC.py script to /home/yolo/ros2-package/install/kart/lib/kart
[1.720s] Installing steering_servo.py script to /home/yolo/ros2-package/install/kart/lib/kart
[1.721s] Installing watergun_servo.py script to /home/yolo/ros2-package/install/kart/lib/kart
[1.725s] Installing wheel_DC.py script to /home/yolo/ros2-package/install/kart/lib/kart
[1.727s] writing list of installed files to '/home/yolo/ros2-package/build/kart/install.log'
[1.788s] Invoked command in '/home/yolo/ros2-package/src/kart' returned '0': PYTHONPATH=/home/yolo/ros2-package/build/kart/prefix_override:/usr/local/lib/python3.10/dist-packages/colcon_core/task/python/colcon_distutils_commands:/home/yolo/ros2-package/install/kart/lib/python3.10/site-packages:${PYTHONPATH} /usr/bin/python3 -W ignore:setup.py install is deprecated setup.py egg_info --egg-base ../../build/kart build --build-base /home/yolo/ros2-package/build/kart/build install --record /home/yolo/ros2-package/build/kart/install.log --single-version-externally-managed install_data
