[0.946s] Invoking command in '/home/yolo/ros2-package/src/kart': PYTHONPATH=/home/yolo/ros2-package/build/kart/prefix_override:/usr/local/lib/python3.10/dist-packages/colcon_core/task/python/colcon_distutils_commands:/home/yolo/ros2-package/install/kart/lib/python3.10/site-packages:${PYTHONPATH} /usr/bin/python3 -W ignore:setup.py install is deprecated setup.py egg_info --egg-base ../../build/kart build --build-base /home/yolo/ros2-package/build/kart/build install --record /home/yolo/ros2-package/build/kart/install.log --single-version-externally-managed install_data
[1.150s] running egg_info
[1.150s] writing ../../build/kart/kart.egg-info/PKG-INFO
[1.156s] writing dependency_links to ../../build/kart/kart.egg-info/dependency_links.txt
[1.157s] writing entry points to ../../build/kart/kart.egg-info/entry_points.txt
[1.158s] writing requirements to ../../build/kart/kart.egg-info/requires.txt
[1.159s] writing top-level names to ../../build/kart/kart.egg-info/top_level.txt
[1.162s] reading manifest file '../../build/kart/kart.egg-info/SOURCES.txt'
[1.163s] writing manifest file '../../build/kart/kart.egg-info/SOURCES.txt'
[1.163s] running build
[1.164s] running build_py
[1.165s] copying kart/steering_servo.py -> /home/yolo/ros2-package/build/kart/build/lib/kart
[1.165s] running install
[1.166s] running install_lib
[1.167s] copying /home/yolo/ros2-package/build/kart/build/lib/kart/steering_servo.py -> /home/yolo/ros2-package/install/kart/lib/python3.10/site-packages/kart
[1.168s] byte-compiling /home/yolo/ros2-package/install/kart/lib/python3.10/site-packages/kart/steering_servo.py to steering_servo.cpython-310.pyc
[1.169s] running install_data
[1.171s] running install_egg_info
[1.175s] removing '/home/yolo/ros2-package/install/kart/lib/python3.10/site-packages/kart-0.0.0-py3.10.egg-info' (and everything under it)
[1.175s] Copying ../../build/kart/kart.egg-info to /home/yolo/ros2-package/install/kart/lib/python3.10/site-packages/kart-0.0.0-py3.10.egg-info
[1.176s] running install_scripts
[1.201s] Installing camera_servo.py script to /home/yolo/ros2-package/install/kart/lib/kart
[1.207s] Installing main.py script to /home/yolo/ros2-package/install/kart/lib/kart
[1.208s] Installing pump_DC.py script to /home/yolo/ros2-package/install/kart/lib/kart
[1.212s] Installing steering_servo.py script to /home/yolo/ros2-package/install/kart/lib/kart
[1.213s] Installing watergun_servo.py script to /home/yolo/ros2-package/install/kart/lib/kart
[1.214s] Installing wheel_DC.py script to /home/yolo/ros2-package/install/kart/lib/kart
[1.215s] writing list of installed files to '/home/yolo/ros2-package/build/kart/install.log'
[1.271s] Invoked command in '/home/yolo/ros2-package/src/kart' returned '0': PYTHONPATH=/home/yolo/ros2-package/build/kart/prefix_override:/usr/local/lib/python3.10/dist-packages/colcon_core/task/python/colcon_distutils_commands:/home/yolo/ros2-package/install/kart/lib/python3.10/site-packages:${PYTHONPATH} /usr/bin/python3 -W ignore:setup.py install is deprecated setup.py egg_info --egg-base ../../build/kart build --build-base /home/yolo/ros2-package/build/kart/build install --record /home/yolo/ros2-package/build/kart/install.log --single-version-externally-managed install_data
