[1.053s] Invoking command in '/home/yolo/ros2-package/src/kart': PYTHONPATH=/home/yolo/ros2-package/build/kart/prefix_override:/usr/local/lib/python3.10/dist-packages/colcon_core/task/python/colcon_distutils_commands:/home/yolo/ros2-package/install/kart/lib/python3.10/site-packages:${PYTHONPATH} /usr/bin/python3 -W ignore:setup.py install is deprecated setup.py egg_info --egg-base ../../build/kart build --build-base /home/yolo/ros2-package/build/kart/build install --record /home/yolo/ros2-package/build/kart/install.log --single-version-externally-managed install_data
[1.258s] running egg_info
[1.258s] writing ../../build/kart/kart.egg-info/PKG-INFO
[1.264s] writing dependency_links to ../../build/kart/kart.egg-info/dependency_links.txt
[1.265s] writing entry points to ../../build/kart/kart.egg-info/entry_points.txt
[1.266s] writing requirements to ../../build/kart/kart.egg-info/requires.txt
[1.267s] writing top-level names to ../../build/kart/kart.egg-info/top_level.txt
[1.270s] reading manifest file '../../build/kart/kart.egg-info/SOURCES.txt'
[1.271s] writing manifest file '../../build/kart/kart.egg-info/SOURCES.txt'
[1.271s] running build
[1.271s] running build_py
[1.273s] running install
[1.274s] running install_lib
[1.276s] running install_data
[1.277s] running install_egg_info
[1.281s] removing '/home/yolo/ros2-package/install/kart/lib/python3.10/site-packages/kart-0.0.0-py3.10.egg-info' (and everything under it)
[1.281s] Copying ../../build/kart/kart.egg-info to /home/yolo/ros2-package/install/kart/lib/python3.10/site-packages/kart-0.0.0-py3.10.egg-info
[1.282s] running install_scripts
[1.306s] Installing camera_servo.py script to /home/yolo/ros2-package/install/kart/lib/kart
[1.312s] Installing main.py script to /home/yolo/ros2-package/install/kart/lib/kart
[1.313s] Installing pump_DC.py script to /home/yolo/ros2-package/install/kart/lib/kart
[1.314s] Installing steering_servo.py script to /home/yolo/ros2-package/install/kart/lib/kart
[1.315s] Installing watergun_servo.py script to /home/yolo/ros2-package/install/kart/lib/kart
[1.316s] Installing wheel_DC.py script to /home/yolo/ros2-package/install/kart/lib/kart
[1.318s] writing list of installed files to '/home/yolo/ros2-package/build/kart/install.log'
[1.371s] Invoked command in '/home/yolo/ros2-package/src/kart' returned '0': PYTHONPATH=/home/yolo/ros2-package/build/kart/prefix_override:/usr/local/lib/python3.10/dist-packages/colcon_core/task/python/colcon_distutils_commands:/home/yolo/ros2-package/install/kart/lib/python3.10/site-packages:${PYTHONPATH} /usr/bin/python3 -W ignore:setup.py install is deprecated setup.py egg_info --egg-base ../../build/kart build --build-base /home/yolo/ros2-package/build/kart/build install --record /home/yolo/ros2-package/build/kart/install.log --single-version-externally-managed install_data
