[0.447s] Invoking command in '/home/sg/ws/src/kart': PYTHONPATH=/home/sg/ws/build/kart/prefix_override:/home/sg/ws/install/kart/lib/python3.10/site-packages:${PYTHONPATH} /usr/bin/python3 -W ignore:setup.py install is deprecated setup.py egg_info --egg-base ../../build/kart build --build-base /home/sg/ws/build/kart/build install --record /home/sg/ws/build/kart/install.log --single-version-externally-managed install_data
[0.615s] running egg_info
[0.615s] writing ../../build/kart/kart.egg-info/PKG-INFO
[0.615s] writing dependency_links to ../../build/kart/kart.egg-info/dependency_links.txt
[0.615s] writing entry points to ../../build/kart/kart.egg-info/entry_points.txt
[0.616s] writing requirements to ../../build/kart/kart.egg-info/requires.txt
[0.616s] writing top-level names to ../../build/kart/kart.egg-info/top_level.txt
[0.617s] reading manifest file '../../build/kart/kart.egg-info/SOURCES.txt'
[0.617s] writing manifest file '../../build/kart/kart.egg-info/SOURCES.txt'
[0.617s] running build
[0.617s] running build_py
[0.617s] copying kart/watergun_servo.py -> /home/sg/ws/build/kart/build/lib/kart
[0.618s] running install
[0.618s] running install_lib
[0.619s] copying /home/sg/ws/build/kart/build/lib/kart/watergun_servo.py -> /home/sg/ws/install/kart/lib/python3.10/site-packages/kart
[0.619s] byte-compiling /home/sg/ws/install/kart/lib/python3.10/site-packages/kart/watergun_servo.py to watergun_servo.cpython-310.pyc
[0.619s] running install_data
[0.619s] running install_egg_info
[0.620s] removing '/home/sg/ws/install/kart/lib/python3.10/site-packages/kart-0.0.0-py3.10.egg-info' (and everything under it)
[0.621s] Copying ../../build/kart/kart.egg-info to /home/sg/ws/install/kart/lib/python3.10/site-packages/kart-0.0.0-py3.10.egg-info
[0.621s] running install_scripts
[0.635s] Installing camera_servo script to /home/sg/ws/install/kart/lib/kart
[0.635s] Installing main script to /home/sg/ws/install/kart/lib/kart
[0.635s] Installing pump_dc script to /home/sg/ws/install/kart/lib/kart
[0.636s] Installing steering_servo script to /home/sg/ws/install/kart/lib/kart
[0.636s] Installing watergun_servo script to /home/sg/ws/install/kart/lib/kart
[0.636s] Installing wheel_dc script to /home/sg/ws/install/kart/lib/kart
[0.636s] writing list of installed files to '/home/sg/ws/build/kart/install.log'
[0.652s] Invoked command in '/home/sg/ws/src/kart' returned '0': PYTHONPATH=/home/sg/ws/build/kart/prefix_override:/home/sg/ws/install/kart/lib/python3.10/site-packages:${PYTHONPATH} /usr/bin/python3 -W ignore:setup.py install is deprecated setup.py egg_info --egg-base ../../build/kart build --build-base /home/sg/ws/build/kart/build install --record /home/sg/ws/build/kart/install.log --single-version-externally-managed install_data
