[0.934s] Invoking command in '/home/yolo/ros2-package/src/kart': PYTHONPATH=/home/yolo/ros2-package/build/kart/prefix_override:/usr/local/lib/python3.10/dist-packages/colcon_core/task/python/colcon_distutils_commands:/home/yolo/ros2-package/install/kart/lib/python3.10/site-packages:${PYTHONPATH} /usr/bin/python3 -W ignore:setup.py install is deprecated setup.py egg_info --egg-base ../../build/kart build --build-base /home/yolo/ros2-package/build/kart/build install --record /home/yolo/ros2-package/build/kart/install.log --single-version-externally-managed install_data
[1.140s] running egg_info
[1.140s] writing ../../build/kart/kart.egg-info/PKG-INFO
[1.146s] writing dependency_links to ../../build/kart/kart.egg-info/dependency_links.txt
[1.147s] writing entry points to ../../build/kart/kart.egg-info/entry_points.txt
[1.148s] writing requirements to ../../build/kart/kart.egg-info/requires.txt
[1.148s] writing top-level names to ../../build/kart/kart.egg-info/top_level.txt
[1.151s] reading manifest file '../../build/kart/kart.egg-info/SOURCES.txt'
[1.153s] writing manifest file '../../build/kart/kart.egg-info/SOURCES.txt'
[1.153s] running build
[1.153s] running build_py
[1.155s] running install
[1.155s] running install_lib
[1.159s] running install_data
[1.160s] running install_egg_info
[1.164s] removing '/home/yolo/ros2-package/install/kart/lib/python3.10/site-packages/kart-0.0.0-py3.10.egg-info' (and everything under it)
[1.164s] Copying ../../build/kart/kart.egg-info to /home/yolo/ros2-package/install/kart/lib/python3.10/site-packages/kart-0.0.0-py3.10.egg-info
[1.165s] running install_scripts
[1.189s] Installing camera_servo.py script to /home/yolo/ros2-package/install/kart/lib/kart
[1.195s] Installing main.py script to /home/yolo/ros2-package/install/kart/lib/kart
[1.196s] Installing pump_DC.py script to /home/yolo/ros2-package/install/kart/lib/kart
[1.200s] Installing steering_servo.py script to /home/yolo/ros2-package/install/kart/lib/kart
[1.201s] Installing watergun_servo.py script to /home/yolo/ros2-package/install/kart/lib/kart
[1.202s] Installing wheel_DC.py script to /home/yolo/ros2-package/install/kart/lib/kart
[1.204s] writing list of installed files to '/home/yolo/ros2-package/build/kart/install.log'
[1.259s] Invoked command in '/home/yolo/ros2-package/src/kart' returned '0': PYTHONPATH=/home/yolo/ros2-package/build/kart/prefix_override:/usr/local/lib/python3.10/dist-packages/colcon_core/task/python/colcon_distutils_commands:/home/yolo/ros2-package/install/kart/lib/python3.10/site-packages:${PYTHONPATH} /usr/bin/python3 -W ignore:setup.py install is deprecated setup.py egg_info --egg-base ../../build/kart build --build-base /home/yolo/ros2-package/build/kart/build install --record /home/yolo/ros2-package/build/kart/install.log --single-version-externally-managed install_data
