[0.469s] Invoking command in '/home/sg/ws/src/kart': PYTHONPATH=/home/sg/ws/build/kart/prefix_override:/home/sg/ws/install/kart/lib/python3.10/site-packages:${PYTHONPATH} /usr/bin/python3 -W ignore:setup.py install is deprecated setup.py egg_info --egg-base ../../build/kart build --build-base /home/sg/ws/build/kart/build install --record /home/sg/ws/build/kart/install.log --single-version-externally-managed install_data
[0.642s] running egg_info
[0.642s] writing ../../build/kart/kart.egg-info/PKG-INFO
[0.642s] writing dependency_links to ../../build/kart/kart.egg-info/dependency_links.txt
[0.642s] writing entry points to ../../build/kart/kart.egg-info/entry_points.txt
[0.643s] writing requirements to ../../build/kart/kart.egg-info/requires.txt
[0.643s] writing top-level names to ../../build/kart/kart.egg-info/top_level.txt
[0.644s] reading manifest file '../../build/kart/kart.egg-info/SOURCES.txt'
[0.644s] writing manifest file '../../build/kart/kart.egg-info/SOURCES.txt'
[0.644s] running build
[0.645s] running build_py
[0.645s] copying kart/main.py -> /home/sg/ws/build/kart/build/lib/kart
[0.645s] running install
[0.645s] running install_lib
[0.646s] copying /home/sg/ws/build/kart/build/lib/kart/main.py -> /home/sg/ws/install/kart/lib/python3.10/site-packages/kart
[0.646s] byte-compiling /home/sg/ws/install/kart/lib/python3.10/site-packages/kart/main.py to main.cpython-310.pyc
[0.647s] running install_data
[0.647s] running install_egg_info
[0.648s] removing '/home/sg/ws/install/kart/lib/python3.10/site-packages/kart-0.0.0-py3.10.egg-info' (and everything under it)
[0.648s] Copying ../../build/kart/kart.egg-info to /home/sg/ws/install/kart/lib/python3.10/site-packages/kart-0.0.0-py3.10.egg-info
[0.649s] running install_scripts
[0.663s] Installing main script to /home/sg/ws/install/kart/lib/kart
[0.663s] Installing pump_dc script to /home/sg/ws/install/kart/lib/kart
[0.663s] writing list of installed files to '/home/sg/ws/build/kart/install.log'
[0.682s] Invoked command in '/home/sg/ws/src/kart' returned '0': PYTHONPATH=/home/sg/ws/build/kart/prefix_override:/home/sg/ws/install/kart/lib/python3.10/site-packages:${PYTHONPATH} /usr/bin/python3 -W ignore:setup.py install is deprecated setup.py egg_info --egg-base ../../build/kart build --build-base /home/sg/ws/build/kart/build install --record /home/sg/ws/build/kart/install.log --single-version-externally-managed install_data
