[0.639s] Invoking command in '/home/yolo/ros2-package/src/kart': PYTHONPATH=/home/yolo/ros2-package/build/kart/prefix_override:/usr/local/lib/python3.10/dist-packages/colcon_core/task/python/colcon_distutils_commands:/home/yolo/ros2-package/install/kart/lib/python3.10/site-packages:${PYTHONPATH} /usr/bin/python3 -W ignore:setup.py install is deprecated setup.py egg_info --egg-base ../../build/kart build --build-base /home/yolo/ros2-package/build/kart/build install --record /home/yolo/ros2-package/build/kart/install.log --single-version-externally-managed install_data
[0.844s] running egg_info
[0.844s] writing ../../build/kart/kart.egg-info/PKG-INFO
[0.845s] writing dependency_links to ../../build/kart/kart.egg-info/dependency_links.txt
[0.853s] writing entry points to ../../build/kart/kart.egg-info/entry_points.txt
[0.854s] writing requirements to ../../build/kart/kart.egg-info/requires.txt
[0.855s] writing top-level names to ../../build/kart/kart.egg-info/top_level.txt
[0.858s] reading manifest file '../../build/kart/kart.egg-info/SOURCES.txt'
[0.859s] writing manifest file '../../build/kart/kart.egg-info/SOURCES.txt'
[0.859s] running build
[0.859s] running build_py
[0.859s] copying kart/main.py -> /home/yolo/ros2-package/build/kart/build/lib/kart
[0.859s] copying kart/wheel_DC.py -> /home/yolo/ros2-package/build/kart/build/lib/kart
[0.860s] running install
[0.860s] running install_lib
[0.861s] copying /home/yolo/ros2-package/build/kart/build/lib/kart/main.py -> /home/yolo/ros2-package/install/kart/lib/python3.10/site-packages/kart
[0.861s] copying /home/yolo/ros2-package/build/kart/build/lib/kart/wheel_DC.py -> /home/yolo/ros2-package/install/kart/lib/python3.10/site-packages/kart
[0.862s] byte-compiling /home/yolo/ros2-package/install/kart/lib/python3.10/site-packages/kart/main.py to main.cpython-310.pyc
[0.863s] byte-compiling /home/yolo/ros2-package/install/kart/lib/python3.10/site-packages/kart/wheel_DC.py to wheel_DC.cpython-310.pyc
[0.864s] running install_data
[0.864s] copying launch/kart.launch.py -> /home/yolo/ros2-package/install/kart/share/kart/launch
[0.864s] running install_egg_info
[0.868s] removing '/home/yolo/ros2-package/install/kart/lib/python3.10/site-packages/kart-0.0.0-py3.10.egg-info' (and everything under it)
[0.869s] Copying ../../build/kart/kart.egg-info to /home/yolo/ros2-package/install/kart/lib/python3.10/site-packages/kart-0.0.0-py3.10.egg-info
[0.869s] running install_scripts
[0.894s] Installing camera_servo.py script to /home/yolo/ros2-package/install/kart/lib/kart
[0.894s] Installing main.py script to /home/yolo/ros2-package/install/kart/lib/kart
[0.903s] Installing pump_DC.py script to /home/yolo/ros2-package/install/kart/lib/kart
[0.904s] Installing steering_servo.py script to /home/yolo/ros2-package/install/kart/lib/kart
[0.905s] Installing watergun_servo.py script to /home/yolo/ros2-package/install/kart/lib/kart
[0.906s] Installing wheel_DC.py script to /home/yolo/ros2-package/install/kart/lib/kart
[0.909s] writing list of installed files to '/home/yolo/ros2-package/build/kart/install.log'
[0.964s] Invoked command in '/home/yolo/ros2-package/src/kart' returned '0': PYTHONPATH=/home/yolo/ros2-package/build/kart/prefix_override:/usr/local/lib/python3.10/dist-packages/colcon_core/task/python/colcon_distutils_commands:/home/yolo/ros2-package/install/kart/lib/python3.10/site-packages:${PYTHONPATH} /usr/bin/python3 -W ignore:setup.py install is deprecated setup.py egg_info --egg-base ../../build/kart build --build-base /home/yolo/ros2-package/build/kart/build install --record /home/yolo/ros2-package/build/kart/install.log --single-version-externally-managed install_data
