[0.772s] Invoking command in '/home/yolo/ros2-package/src/kart': PYTHONPATH=/home/yolo/ros2-package/build/kart/prefix_override:/usr/local/lib/python3.10/dist-packages/colcon_core/task/python/colcon_distutils_commands:/home/yolo/ros2-package/install/kart/lib/python3.10/site-packages:${PYTHONPATH} /usr/bin/python3 -W ignore:setup.py install is deprecated setup.py egg_info --egg-base ../../build/kart build --build-base /home/yolo/ros2-package/build/kart/build install --record /home/yolo/ros2-package/build/kart/install.log --single-version-externally-managed install_data
[1.032s] running egg_info
[1.032s] writing ../../build/kart/kart.egg-info/PKG-INFO
[1.032s] writing dependency_links to ../../build/kart/kart.egg-info/dependency_links.txt
[1.039s] writing entry points to ../../build/kart/kart.egg-info/entry_points.txt
[1.039s] writing requirements to ../../build/kart/kart.egg-info/requires.txt
[1.040s] writing top-level names to ../../build/kart/kart.egg-info/top_level.txt
[1.043s] reading manifest file '../../build/kart/kart.egg-info/SOURCES.txt'
[1.044s] writing manifest file '../../build/kart/kart.egg-info/SOURCES.txt'
[1.044s] running build
[1.044s] running build_py
[1.045s] copying kart/main.py -> /home/yolo/ros2-package/build/kart/build/lib/kart
[1.045s] running install
[1.045s] running install_lib
[1.046s] copying /home/yolo/ros2-package/build/kart/build/lib/kart/main.py -> /home/yolo/ros2-package/install/kart/lib/python3.10/site-packages/kart
[1.047s] byte-compiling /home/yolo/ros2-package/install/kart/lib/python3.10/site-packages/kart/main.py to main.cpython-310.pyc
[1.049s] running install_data
[1.049s] running install_egg_info
[1.053s] removing '/home/yolo/ros2-package/install/kart/lib/python3.10/site-packages/kart-0.0.0-py3.10.egg-info' (and everything under it)
[1.053s] Copying ../../build/kart/kart.egg-info to /home/yolo/ros2-package/install/kart/lib/python3.10/site-packages/kart-0.0.0-py3.10.egg-info
[1.054s] running install_scripts
[1.078s] Installing camera_servo.py script to /home/yolo/ros2-package/install/kart/lib/kart
[1.078s] Installing main.py script to /home/yolo/ros2-package/install/kart/lib/kart
[1.085s] Installing pump_DC.py script to /home/yolo/ros2-package/install/kart/lib/kart
[1.086s] Installing steering_servo.py script to /home/yolo/ros2-package/install/kart/lib/kart
[1.087s] Installing watergun_servo.py script to /home/yolo/ros2-package/install/kart/lib/kart
[1.089s] Installing wheel_DC.py script to /home/yolo/ros2-package/install/kart/lib/kart
[1.090s] writing list of installed files to '/home/yolo/ros2-package/build/kart/install.log'
[1.168s] Invoked command in '/home/yolo/ros2-package/src/kart' returned '0': PYTHONPATH=/home/yolo/ros2-package/build/kart/prefix_override:/usr/local/lib/python3.10/dist-packages/colcon_core/task/python/colcon_distutils_commands:/home/yolo/ros2-package/install/kart/lib/python3.10/site-packages:${PYTHONPATH} /usr/bin/python3 -W ignore:setup.py install is deprecated setup.py egg_info --egg-base ../../build/kart build --build-base /home/yolo/ros2-package/build/kart/build install --record /home/yolo/ros2-package/build/kart/install.log --single-version-externally-managed install_data
