[1.201s] Invoking command in '/home/yolo/ros2-package/src/kart': PYTHONPATH=/home/yolo/ros2-package/build/kart/prefix_override:/usr/local/lib/python3.10/dist-packages/colcon_core/task/python/colcon_distutils_commands:/home/yolo/ros2-package/install/kart/lib/python3.10/site-packages:${PYTHONPATH} /usr/bin/python3 -W ignore:setup.py install is deprecated setup.py egg_info --egg-base ../../build/kart build --build-base /home/yolo/ros2-package/build/kart/build install --record /home/yolo/ros2-package/build/kart/install.log --single-version-externally-managed install_data
[1.462s] running egg_info
[1.462s] writing ../../build/kart/kart.egg-info/PKG-INFO
[1.468s] writing dependency_links to ../../build/kart/kart.egg-info/dependency_links.txt
[1.469s] writing entry points to ../../build/kart/kart.egg-info/entry_points.txt
[1.469s] writing requirements to ../../build/kart/kart.egg-info/requires.txt
[1.470s] writing top-level names to ../../build/kart/kart.egg-info/top_level.txt
[1.473s] reading manifest file '../../build/kart/kart.egg-info/SOURCES.txt'
[1.475s] writing manifest file '../../build/kart/kart.egg-info/SOURCES.txt'
[1.475s] running build
[1.475s] running build_py
[1.477s] running install
[1.477s] running install_lib
[1.482s] running install_data
[1.484s] running install_egg_info
[1.490s] removing '/home/yolo/ros2-package/install/kart/lib/python3.10/site-packages/kart-0.0.0-py3.10.egg-info' (and everything under it)
[1.491s] Copying ../../build/kart/kart.egg-info to /home/yolo/ros2-package/install/kart/lib/python3.10/site-packages/kart-0.0.0-py3.10.egg-info
[1.493s] running install_scripts
[1.543s] Installing camera_servo.py script to /home/yolo/ros2-package/install/kart/lib/kart
[1.549s] Installing main.py script to /home/yolo/ros2-package/install/kart/lib/kart
[1.550s] Installing pump_DC.py script to /home/yolo/ros2-package/install/kart/lib/kart
[1.552s] Installing steering_servo.py script to /home/yolo/ros2-package/install/kart/lib/kart
[1.553s] Installing watergun_servo.py script to /home/yolo/ros2-package/install/kart/lib/kart
[1.556s] Installing wheel_DC.py script to /home/yolo/ros2-package/install/kart/lib/kart
[1.558s] writing list of installed files to '/home/yolo/ros2-package/build/kart/install.log'
[1.618s] Invoked command in '/home/yolo/ros2-package/src/kart' returned '0': PYTHONPATH=/home/yolo/ros2-package/build/kart/prefix_override:/usr/local/lib/python3.10/dist-packages/colcon_core/task/python/colcon_distutils_commands:/home/yolo/ros2-package/install/kart/lib/python3.10/site-packages:${PYTHONPATH} /usr/bin/python3 -W ignore:setup.py install is deprecated setup.py egg_info --egg-base ../../build/kart build --build-base /home/yolo/ros2-package/build/kart/build install --record /home/yolo/ros2-package/build/kart/install.log --single-version-externally-managed install_data
