[0.777s] Invoking command in '/home/yolo/ros2-package/src/kart': PYTHONPATH=/home/yolo/ros2-package/build/kart/prefix_override:/usr/local/lib/python3.10/dist-packages/colcon_core/task/python/colcon_distutils_commands:/home/yolo/ros2-package/install/kart/lib/python3.10/site-packages:${PYTHONPATH} /usr/bin/python3 -W ignore:setup.py install is deprecated setup.py egg_info --egg-base ../../build/kart build --build-base /home/yolo/ros2-package/build/kart/build install --record /home/yolo/ros2-package/build/kart/install.log --single-version-externally-managed install_data
[1.041s] running egg_info
[1.042s] writing ../../build/kart/kart.egg-info/PKG-INFO
[1.042s] writing dependency_links to ../../build/kart/kart.egg-info/dependency_links.txt
[1.049s] writing entry points to ../../build/kart/kart.egg-info/entry_points.txt
[1.049s] writing requirements to ../../build/kart/kart.egg-info/requires.txt
[1.050s] writing top-level names to ../../build/kart/kart.egg-info/top_level.txt
[1.053s] reading manifest file '../../build/kart/kart.egg-info/SOURCES.txt'
[1.054s] writing manifest file '../../build/kart/kart.egg-info/SOURCES.txt'
[1.054s] running build
[1.054s] running build_py
[1.055s] running install
[1.055s] running install_lib
[1.057s] running install_data
[1.057s] running install_egg_info
[1.061s] removing '/home/yolo/ros2-package/install/kart/lib/python3.10/site-packages/kart-0.0.0-py3.10.egg-info' (and everything under it)
[1.061s] Copying ../../build/kart/kart.egg-info to /home/yolo/ros2-package/install/kart/lib/python3.10/site-packages/kart-0.0.0-py3.10.egg-info
[1.062s] running install_scripts
[1.085s] Installing camera_servo.py script to /home/yolo/ros2-package/install/kart/lib/kart
[1.086s] Installing main.py script to /home/yolo/ros2-package/install/kart/lib/kart
[1.092s] Installing pump_DC.py script to /home/yolo/ros2-package/install/kart/lib/kart
[1.093s] Installing steering_servo.py script to /home/yolo/ros2-package/install/kart/lib/kart
[1.094s] Installing watergun_servo.py script to /home/yolo/ros2-package/install/kart/lib/kart
[1.098s] Installing wheel_DC.py script to /home/yolo/ros2-package/install/kart/lib/kart
[1.099s] writing list of installed files to '/home/yolo/ros2-package/build/kart/install.log'
[1.177s] Invoked command in '/home/yolo/ros2-package/src/kart' returned '0': PYTHONPATH=/home/yolo/ros2-package/build/kart/prefix_override:/usr/local/lib/python3.10/dist-packages/colcon_core/task/python/colcon_distutils_commands:/home/yolo/ros2-package/install/kart/lib/python3.10/site-packages:${PYTHONPATH} /usr/bin/python3 -W ignore:setup.py install is deprecated setup.py egg_info --egg-base ../../build/kart build --build-base /home/yolo/ros2-package/build/kart/build install --record /home/yolo/ros2-package/build/kart/install.log --single-version-externally-managed install_data
