/home/yolo/ros2-package/install/kart/lib/python3.10/site-packages/kart/steering_servo.py
/home/yolo/ros2-package/install/kart/lib/python3.10/site-packages/kart/pump_DC.py
/home/yolo/ros2-package/install/kart/lib/python3.10/site-packages/kart/main.py
/home/yolo/ros2-package/install/kart/lib/python3.10/site-packages/kart/watergun_servo.py
/home/yolo/ros2-package/install/kart/lib/python3.10/site-packages/kart/__init__.py
/home/yolo/ros2-package/install/kart/lib/python3.10/site-packages/kart/camera_servo.py
/home/yolo/ros2-package/install/kart/lib/python3.10/site-packages/kart/wheel_DC.py
/home/yolo/ros2-package/install/kart/lib/python3.10/site-packages/kart/__pycache__/steering_servo.cpython-310.pyc
/home/yolo/ros2-package/install/kart/lib/python3.10/site-packages/kart/__pycache__/pump_DC.cpython-310.pyc
/home/yolo/ros2-package/install/kart/lib/python3.10/site-packages/kart/__pycache__/main.cpython-310.pyc
/home/yolo/ros2-package/install/kart/lib/python3.10/site-packages/kart/__pycache__/watergun_servo.cpython-310.pyc
/home/yolo/ros2-package/install/kart/lib/python3.10/site-packages/kart/__pycache__/__init__.cpython-310.pyc
/home/yolo/ros2-package/install/kart/lib/python3.10/site-packages/kart/__pycache__/camera_servo.cpython-310.pyc
/home/yolo/ros2-package/install/kart/lib/python3.10/site-packages/kart/__pycache__/wheel_DC.cpython-310.pyc
/home/yolo/ros2-package/install/kart/share/ament_index/resource_index/packages/kart
/home/yolo/ros2-package/install/kart/share/kart/package.xml
/home/yolo/ros2-package/install/kart/share/kart/launch/kart.launch.py
/home/yolo/ros2-package/install/kart/lib/python3.10/site-packages/kart-0.0.0-py3.10.egg-info/zip-safe
/home/yolo/ros2-package/install/kart/lib/python3.10/site-packages/kart-0.0.0-py3.10.egg-info/entry_points.txt
/home/yolo/ros2-package/install/kart/lib/python3.10/site-packages/kart-0.0.0-py3.10.egg-info/PKG-INFO
/home/yolo/ros2-package/install/kart/lib/python3.10/site-packages/kart-0.0.0-py3.10.egg-info/requires.txt
/home/yolo/ros2-package/install/kart/lib/python3.10/site-packages/kart-0.0.0-py3.10.egg-info/top_level.txt
/home/yolo/ros2-package/install/kart/lib/python3.10/site-packages/kart-0.0.0-py3.10.egg-info/dependency_links.txt
/home/yolo/ros2-package/install/kart/lib/python3.10/site-packages/kart-0.0.0-py3.10.egg-info/SOURCES.txt
/home/yolo/ros2-package/install/kart/lib/kart/camera_servo.py
/home/yolo/ros2-package/install/kart/lib/kart/main.py
/home/yolo/ros2-package/install/kart/lib/kart/pump_DC.py
/home/yolo/ros2-package/install/kart/lib/kart/steering_servo.py
/home/yolo/ros2-package/install/kart/lib/kart/watergun_servo.py
/home/yolo/ros2-package/install/kart/lib/kart/wheel_DC.py
