[1.031s] Invoking command in '/home/yolo/ros2-package/src/kart': PYTHONPATH=/home/yolo/ros2-package/build/kart/prefix_override:/usr/local/lib/python3.10/dist-packages/colcon_core/task/python/colcon_distutils_commands:/home/yolo/ros2-package/install/kart/lib/python3.10/site-packages:${PYTHONPATH} /usr/bin/python3 -W ignore:setup.py install is deprecated setup.py egg_info --egg-base ../../build/kart build --build-base /home/yolo/ros2-package/build/kart/build install --record /home/yolo/ros2-package/build/kart/install.log --single-version-externally-managed install_data
[1.242s] running egg_info
[1.243s] writing ../../build/kart/kart.egg-info/PKG-INFO
[1.249s] writing dependency_links to ../../build/kart/kart.egg-info/dependency_links.txt
[1.250s] writing entry points to ../../build/kart/kart.egg-info/entry_points.txt
[1.251s] writing requirements to ../../build/kart/kart.egg-info/requires.txt
[1.252s] writing top-level names to ../../build/kart/kart.egg-info/top_level.txt
[1.255s] reading manifest file '../../build/kart/kart.egg-info/SOURCES.txt'
[1.256s] writing manifest file '../../build/kart/kart.egg-info/SOURCES.txt'
[1.257s] running build
[1.257s] running build_py
[1.258s] running install
[1.259s] running install_lib
[1.262s] running install_data
[1.263s] running install_egg_info
[1.267s] removing '/home/yolo/ros2-package/install/kart/lib/python3.10/site-packages/kart-0.0.0-py3.10.egg-info' (and everything under it)
[1.268s] Copying ../../build/kart/kart.egg-info to /home/yolo/ros2-package/install/kart/lib/python3.10/site-packages/kart-0.0.0-py3.10.egg-info
[1.269s] running install_scripts
[1.293s] Installing camera_servo.py script to /home/yolo/ros2-package/install/kart/lib/kart
[1.299s] Installing main.py script to /home/yolo/ros2-package/install/kart/lib/kart
[1.300s] Installing pump_DC.py script to /home/yolo/ros2-package/install/kart/lib/kart
[1.303s] Installing steering_servo.py script to /home/yolo/ros2-package/install/kart/lib/kart
[1.304s] Installing watergun_servo.py script to /home/yolo/ros2-package/install/kart/lib/kart
[1.305s] Installing wheel_DC.py script to /home/yolo/ros2-package/install/kart/lib/kart
[1.307s] writing list of installed files to '/home/yolo/ros2-package/build/kart/install.log'
[1.363s] Invoked command in '/home/yolo/ros2-package/src/kart' returned '0': PYTHONPATH=/home/yolo/ros2-package/build/kart/prefix_override:/usr/local/lib/python3.10/dist-packages/colcon_core/task/python/colcon_distutils_commands:/home/yolo/ros2-package/install/kart/lib/python3.10/site-packages:${PYTHONPATH} /usr/bin/python3 -W ignore:setup.py install is deprecated setup.py egg_info --egg-base ../../build/kart build --build-base /home/yolo/ros2-package/build/kart/build install --record /home/yolo/ros2-package/build/kart/install.log --single-version-externally-managed install_data
