[0.455s] Invoking command in '/home/sg/ws/src/kart': PYTHONPATH=/home/sg/ws/build/kart/prefix_override:/home/sg/ws/install/kart/lib/python3.10/site-packages:${PYTHONPATH} /usr/bin/python3 -W ignore:setup.py install is deprecated setup.py egg_info --egg-base ../../build/kart build --build-base /home/sg/ws/build/kart/build install --record /home/sg/ws/build/kart/install.log --single-version-externally-managed install_data
[0.622s] running egg_info
[0.622s] writing ../../build/kart/kart.egg-info/PKG-INFO
[0.623s] writing dependency_links to ../../build/kart/kart.egg-info/dependency_links.txt
[0.623s] writing entry points to ../../build/kart/kart.egg-info/entry_points.txt
[0.623s] writing requirements to ../../build/kart/kart.egg-info/requires.txt
[0.623s] writing top-level names to ../../build/kart/kart.egg-info/top_level.txt
[0.624s] reading manifest file '../../build/kart/kart.egg-info/SOURCES.txt'
[0.624s] writing manifest file '../../build/kart/kart.egg-info/SOURCES.txt'
[0.624s] running build
[0.624s] running build_py
[0.625s] copying kart/pump_DC.py -> /home/sg/ws/build/kart/build/lib/kart
[0.625s] copying kart/main.py -> /home/sg/ws/build/kart/build/lib/kart
[0.625s] copying kart/wheel_DC.py -> /home/sg/ws/build/kart/build/lib/kart
[0.625s] copying kart/watergun_servo.py -> /home/sg/ws/build/kart/build/lib/kart
[0.625s] copying kart/camera_servo.py -> /home/sg/ws/build/kart/build/lib/kart
[0.625s] copying kart/steering_servo.py -> /home/sg/ws/build/kart/build/lib/kart
[0.625s] running install
[0.625s] running install_lib
[0.626s] copying /home/sg/ws/build/kart/build/lib/kart/pump_DC.py -> /home/sg/ws/install/kart/lib/python3.10/site-packages/kart
[0.626s] copying /home/sg/ws/build/kart/build/lib/kart/main.py -> /home/sg/ws/install/kart/lib/python3.10/site-packages/kart
[0.626s] copying /home/sg/ws/build/kart/build/lib/kart/wheel_DC.py -> /home/sg/ws/install/kart/lib/python3.10/site-packages/kart
[0.626s] copying /home/sg/ws/build/kart/build/lib/kart/watergun_servo.py -> /home/sg/ws/install/kart/lib/python3.10/site-packages/kart
[0.626s] copying /home/sg/ws/build/kart/build/lib/kart/camera_servo.py -> /home/sg/ws/install/kart/lib/python3.10/site-packages/kart
[0.626s] copying /home/sg/ws/build/kart/build/lib/kart/steering_servo.py -> /home/sg/ws/install/kart/lib/python3.10/site-packages/kart
[0.627s] byte-compiling /home/sg/ws/install/kart/lib/python3.10/site-packages/kart/pump_DC.py to pump_DC.cpython-310.pyc
[0.627s] byte-compiling /home/sg/ws/install/kart/lib/python3.10/site-packages/kart/main.py to main.cpython-310.pyc
[0.627s] byte-compiling /home/sg/ws/install/kart/lib/python3.10/site-packages/kart/wheel_DC.py to wheel_DC.cpython-310.pyc
[0.627s] byte-compiling /home/sg/ws/install/kart/lib/python3.10/site-packages/kart/watergun_servo.py to watergun_servo.cpython-310.pyc
[0.628s] byte-compiling /home/sg/ws/install/kart/lib/python3.10/site-packages/kart/camera_servo.py to camera_servo.cpython-310.pyc
[0.628s] byte-compiling /home/sg/ws/install/kart/lib/python3.10/site-packages/kart/steering_servo.py to steering_servo.cpython-310.pyc
[0.628s] running install_data
[0.628s] copying package.xml -> /home/sg/ws/install/kart/share/kart
[0.628s] running install_egg_info
[0.629s] removing '/home/sg/ws/install/kart/lib/python3.10/site-packages/kart-0.0.0-py3.10.egg-info' (and everything under it)
[0.629s] Copying ../../build/kart/kart.egg-info to /home/sg/ws/install/kart/lib/python3.10/site-packages/kart-0.0.0-py3.10.egg-info
[0.630s] running install_scripts
[0.644s] Installing main script to /home/sg/ws/install/kart/lib/kart
[0.644s] Installing pump_dc script to /home/sg/ws/install/kart/lib/kart
[0.644s] writing list of installed files to '/home/sg/ws/build/kart/install.log'
[0.660s] Invoked command in '/home/sg/ws/src/kart' returned '0': PYTHONPATH=/home/sg/ws/build/kart/prefix_override:/home/sg/ws/install/kart/lib/python3.10/site-packages:${PYTHONPATH} /usr/bin/python3 -W ignore:setup.py install is deprecated setup.py egg_info --egg-base ../../build/kart build --build-base /home/sg/ws/build/kart/build install --record /home/sg/ws/build/kart/install.log --single-version-externally-managed install_data
