[0.984s] Invoking command in '/home/yolo/ros2-package/src/kart': PYTHONPATH=/home/yolo/ros2-package/build/kart/prefix_override:/usr/local/lib/python3.10/dist-packages/colcon_core/task/python/colcon_distutils_commands:/home/yolo/ros2-package/install/kart/lib/python3.10/site-packages:${PYTHONPATH} /usr/bin/python3 -W ignore:setup.py install is deprecated setup.py egg_info --egg-base ../../build/kart build --build-base /home/yolo/ros2-package/build/kart/build install --record /home/yolo/ros2-package/build/kart/install.log --single-version-externally-managed install_data
[1.186s] running egg_info
[1.187s] writing ../../build/kart/kart.egg-info/PKG-INFO
[1.187s] writing dependency_links to ../../build/kart/kart.egg-info/dependency_links.txt
[1.319s] writing entry points to ../../build/kart/kart.egg-info/entry_points.txt
[1.445s] writing requirements to ../../build/kart/kart.egg-info/requires.txt
[1.569s] writing top-level names to ../../build/kart/kart.egg-info/top_level.txt
[1.695s] reading manifest file '../../build/kart/kart.egg-info/SOURCES.txt'
[1.696s] writing manifest file '../../build/kart/kart.egg-info/SOURCES.txt'
[1.823s] running build
[1.823s] running build_py
[1.823s] running install
[1.824s] running install_lib
[1.824s] running install_data
[1.825s] running install_egg_info
[1.831s] removing '/home/yolo/ros2-package/install/kart/lib/python3.10/site-packages/kart-0.0.0-py3.10.egg-info' (and everything under it)
[1.831s] Copying ../../build/kart/kart.egg-info to /home/yolo/ros2-package/install/kart/lib/python3.10/site-packages/kart-0.0.0-py3.10.egg-info
[1.832s] running install_scripts
[1.853s] Installing camera_servo.py script to /home/yolo/ros2-package/install/kart/lib/kart
[1.947s] Installing main.py script to /home/yolo/ros2-package/install/kart/lib/kart
[2.073s] Installing pump_DC.py script to /home/yolo/ros2-package/install/kart/lib/kart
[2.197s] Installing steering_servo.py script to /home/yolo/ros2-package/install/kart/lib/kart
[2.324s] Installing watergun_servo.py script to /home/yolo/ros2-package/install/kart/lib/kart
[2.451s] Installing wheel_DC.py script to /home/yolo/ros2-package/install/kart/lib/kart
[2.580s] writing list of installed files to '/home/yolo/ros2-package/build/kart/install.log'
[2.758s] Invoked command in '/home/yolo/ros2-package/src/kart' returned '0': PYTHONPATH=/home/yolo/ros2-package/build/kart/prefix_override:/usr/local/lib/python3.10/dist-packages/colcon_core/task/python/colcon_distutils_commands:/home/yolo/ros2-package/install/kart/lib/python3.10/site-packages:${PYTHONPATH} /usr/bin/python3 -W ignore:setup.py install is deprecated setup.py egg_info --egg-base ../../build/kart build --build-base /home/yolo/ros2-package/build/kart/build install --record /home/yolo/ros2-package/build/kart/install.log --single-version-externally-managed install_data
