[0.834s] Invoking command in '/home/yolo/ros2-package/src/kart': PYTHONPATH=/home/yolo/ros2-package/build/kart/prefix_override:/usr/local/lib/python3.10/dist-packages/colcon_core/task/python/colcon_distutils_commands:/home/yolo/ros2-package/install/kart/lib/python3.10/site-packages:${PYTHONPATH} /usr/bin/python3 -W ignore:setup.py install is deprecated setup.py egg_info --egg-base ../../build/kart build --build-base /home/yolo/ros2-package/build/kart/build install --record /home/yolo/ros2-package/build/kart/install.log --single-version-externally-managed install_data
[1.098s] running egg_info
[1.099s] writing ../../build/kart/kart.egg-info/PKG-INFO
[1.099s] writing dependency_links to ../../build/kart/kart.egg-info/dependency_links.txt
[1.105s] writing entry points to ../../build/kart/kart.egg-info/entry_points.txt
[1.106s] writing requirements to ../../build/kart/kart.egg-info/requires.txt
[1.107s] writing top-level names to ../../build/kart/kart.egg-info/top_level.txt
[1.110s] reading manifest file '../../build/kart/kart.egg-info/SOURCES.txt'
[1.111s] writing manifest file '../../build/kart/kart.egg-info/SOURCES.txt'
[1.111s] running build
[1.111s] running build_py
[1.112s] copying kart/pump_DC.py -> /home/yolo/ros2-package/build/kart/build/lib/kart
[1.112s] copying kart/main.py -> /home/yolo/ros2-package/build/kart/build/lib/kart
[1.112s] running install
[1.113s] running install_lib
[1.114s] copying /home/yolo/ros2-package/build/kart/build/lib/kart/pump_DC.py -> /home/yolo/ros2-package/install/kart/lib/python3.10/site-packages/kart
[1.114s] copying /home/yolo/ros2-package/build/kart/build/lib/kart/main.py -> /home/yolo/ros2-package/install/kart/lib/python3.10/site-packages/kart
[1.114s] byte-compiling /home/yolo/ros2-package/install/kart/lib/python3.10/site-packages/kart/pump_DC.py to pump_DC.cpython-310.pyc
[1.115s] byte-compiling /home/yolo/ros2-package/install/kart/lib/python3.10/site-packages/kart/main.py to main.cpython-310.pyc
[1.116s] running install_data
[1.116s] copying launch/kart.launch.py -> /home/yolo/ros2-package/install/kart/share/kart/launch
[1.117s] running install_egg_info
[1.121s] removing '/home/yolo/ros2-package/install/kart/lib/python3.10/site-packages/kart-0.0.0-py3.10.egg-info' (and everything under it)
[1.121s] Copying ../../build/kart/kart.egg-info to /home/yolo/ros2-package/install/kart/lib/python3.10/site-packages/kart-0.0.0-py3.10.egg-info
[1.122s] running install_scripts
[1.164s] Installing camera_servo.py script to /home/yolo/ros2-package/install/kart/lib/kart
[1.165s] Installing main.py script to /home/yolo/ros2-package/install/kart/lib/kart
[1.171s] Installing pump_DC.py script to /home/yolo/ros2-package/install/kart/lib/kart
[1.172s] Installing steering_servo.py script to /home/yolo/ros2-package/install/kart/lib/kart
[1.174s] Installing watergun_servo.py script to /home/yolo/ros2-package/install/kart/lib/kart
[1.175s] Installing wheel_DC.py script to /home/yolo/ros2-package/install/kart/lib/kart
[1.177s] writing list of installed files to '/home/yolo/ros2-package/build/kart/install.log'
[1.249s] Invoked command in '/home/yolo/ros2-package/src/kart' returned '0': PYTHONPATH=/home/yolo/ros2-package/build/kart/prefix_override:/usr/local/lib/python3.10/dist-packages/colcon_core/task/python/colcon_distutils_commands:/home/yolo/ros2-package/install/kart/lib/python3.10/site-packages:${PYTHONPATH} /usr/bin/python3 -W ignore:setup.py install is deprecated setup.py egg_info --egg-base ../../build/kart build --build-base /home/yolo/ros2-package/build/kart/build install --record /home/yolo/ros2-package/build/kart/install.log --single-version-externally-managed install_data
